model-1585867729, 1585867746.208,  0.79
model-1585867729, 1585867759.292,  0.75
model-1585867729, 1585867772.387,  0.74
model-1585867729, 1585867785.475,  0.73
model-1585867729, 1585867798.575,  0.71
model-1585867729, 1585867811.657,  0.7
model-1585867729, 1585867824.763,  0.69
model-1585867729, 1585867837.92,  0.68
model-1585867729, 1585867851.107,  0.67
model-1585867729, 1585867864.25,  0.67
model-1585867729, 1585867877.398,  0.66
model-1585867729, 1585867890.551,  0.66
model-1585867729, 1585867903.727,  0.65
model-1585867729, 1585867916.904,  0.65
model-1585867729, 1585867930.104,  0.64
model-1585867729, 1585867943.306,  0.64
model-1585867729, 1585867956.517,  0.63
model-1585867729, 1585867969.704,  0.63
model-1585867729, 1585867982.919,  0.62
model-1585867729, 1585867996.151,  0.62
model-1585867729, 1585868009.353,  0.61
model-1585867729, 1585868022.586,  0.61
model-1585867729, 1585868035.816,  0.61
model-1585867729, 1585868049.032,  0.61
model-1585867729, 1585868062.277,  0.6
model-1585867729, 1585868075.528,  0.6
model-1585867729, 1585868088.855,  0.6
model-1585867729, 1585868102.132,  0.6
model-1585867729, 1585868115.423,  0.59
model-1585867729, 1585868128.713,  0.59
model-1585867729, 1585868142.024,  0.59
model-1585867729, 1585868155.274,  0.59
model-1585867729, 1585868168.515,  0.59
model-1585867729, 1585868181.795,  0.58
model-1585867729, 1585868195.113,  0.58
model-1585867729, 1585868208.469,  0.58
model-1585867729, 1585868221.767,  0.58
model-1585867729, 1585868235.105,  0.58
model-1585867729, 1585868248.413,  0.58
model-1585867729, 1585868261.727,  0.58
model-1585867729, 1585868275.009,  0.58
model-1585867729, 1585868288.341,  0.58
model-1585867729, 1585868301.593,  0.57
model-1585867729, 1585868314.869,  0.57
model-1585867729, 1585868328.142,  0.57
model-1585867729, 1585868341.401,  0.57
model-1585867729, 1585868354.694,  0.57
model-1585867729, 1585868368.019,  0.57
model-1585867729, 1585868381.322,  0.57
model-1585867729, 1585868394.611,  0.57
model-1585869950, 1585869963.432,  0.55
model-1585869950, 1585869976.542,  0.54
model-1585869950, 1585869989.833,  0.53
model-1585869950, 1585870003.033,  0.53
model-1585869950, 1585870016.022,  0.53
model-1585869950, 1585870029.019,  0.53
model-1585869950, 1585870042.02,  0.53
model-1585869950, 1585870055.018,  0.53
model-1585869950, 1585870068.21,  0.52
model-1585869950, 1585870081.432,  0.52
model-1585869950, 1585870094.619,  0.52
model-1585869950, 1585870107.798,  0.52
model-1585869950, 1585870121.016,  0.52
model-1585869950, 1585870134.21,  0.52
model-1585869950, 1585870147.407,  0.52
model-1585869950, 1585870160.613,  0.52
model-1585869950, 1585870173.646,  0.52
model-1585869950, 1585870186.69,  0.52
model-1585869950, 1585870199.714,  0.52
model-1585869950, 1585870212.745,  0.52
model-1585869950, 1585870225.996,  0.52
model-1585869950, 1585870239.252,  0.52
model-1585869950, 1585870252.302,  0.52
model-1585869950, 1585870265.568,  0.51
model-1585869950, 1585870278.819,  0.51
model-1585869950, 1585870292.057,  0.51
model-1585869950, 1585870305.225,  0.51
model-1585869950, 1585870318.485,  0.51
model-1585869950, 1585870331.963,  0.51
model-1585869950, 1585870345.181,  0.52
model-1585869950, 1585870358.345,  0.51
model-1585869950, 1585870371.551,  0.51
model-1585869950, 1585870384.942,  0.51
model-1585869950, 1585870398.344,  0.51
model-1585869950, 1585870411.717,  0.51
model-1585869950, 1585870425.108,  0.51
model-1585869950, 1585870438.313,  0.51
model-1585869950, 1585870451.521,  0.51
model-1585869950, 1585870464.716,  0.51
model-1585869950, 1585870478.101,  0.51
model-1585869950, 1585870491.297,  0.51
model-1585869950, 1585870504.537,  0.51
model-1585869950, 1585870517.694,  0.51
model-1585869950, 1585870530.936,  0.51
model-1585869950, 1585870544.181,  0.51
model-1585869950, 1585870557.592,  0.51
model-1585869950, 1585870571.011,  0.51
model-1585869950, 1585870584.161,  0.51
model-1585869950, 1585870597.416,  0.51
model-1585869950, 1585870610.59,  0.51
