model-1585964168, 1585964269.408,  0.66
model-1585964168, 1585964368.793,  0.64
model-1585964168, 1585964468.133,  0.63
model-1585964168, 1585964569.302,  0.62
model-1585964168, 1585964668.011,  0.62
model-1585964168, 1585964766.45,  0.61
model-1585964168, 1585964864.568,  0.61
model-1585964168, 1585964962.886,  0.61
model-1585964168, 1585965061.833,  0.6
model-1585964168, 1585965163.123,  0.6
model-1585964168, 1585965261.551,  0.6
model-1585964168, 1585965359.863,  0.6
model-1585964168, 1585965457.952,  0.59
model-1585964168, 1585965556.182,  0.59
model-1585964168, 1585965654.407,  0.59
model-1585964168, 1585965755.017,  0.59
model-1585964168, 1585965853.813,  0.58
model-1585964168, 1585965952.462,  0.58
model-1585964168, 1585966050.952,  0.58
model-1585964168, 1585966149.271,  0.58
